The system is: Windows - 10.0.19044 - AMD64
Compiling the CXX compiler identification source file "CMakeCXXCompilerId.cpp" succeeded.
Compiler:  
Build flags: 
Id flags:  

The output was:
0
Microsoft (R) Build Engine 16.11.2+f32259642 dla platformy .NET Framework
Copyright (C) Microsoft Corporation. Wszelkie prawa zastrzeżone.

Kompilacja rozpoczęła się 18.10.2022 03:02:50.
Projekt "G:\Programowanie\Riften\build\CMakeFiles\3.21.2\CompilerIdCXX\CompilerIdCXX.vcxproj" w węźle 1 (domyślne elementy docelowe).
PrepareForBuild:
  Tworzenie katalogu "Debug\".
  Tworzenie katalogu "Debug\CompilerIdCXX.tlog\".
InitializeBuildStatus:
  Trwa tworzenie "Debug\CompilerIdCXX.tlog\unsuccessfulbuild", ponieważ określono "AlwaysCreate".
ClCompile:
  C:\Program Files (x86)\Microsoft Visual Studio\2019\Community\VC\Tools\MSVC\14.29.30133\bin\HostX64\x64\CL.exe /c /nologo /W0 /WX- /diagnostics:column /Od /D _MBCS /Gm- /EHsc /RTC1 /MDd /GS /fp:precise /Zc:wchar_t /Zc:forScope /Zc:inline /Fo"Debug\\" /Fd"Debug\vc142.pdb" /external:W0 /Gd /TP /FC /errorReport:queue CMakeCXXCompilerId.cpp
  CMakeCXXCompilerId.cpp
Link:
  C:\Program Files (x86)\Microsoft Visual Studio\2019\Community\VC\Tools\MSVC\14.29.30133\bin\HostX64\x64\link.exe /ERRORREPORT:QUEUE /OUT:".\CompilerIdCXX.exe" /INCREMENTAL:NO /NOLOGO kernel32.lib user32.lib gdi32.lib winspool.lib comdlg32.lib advapi32.lib shell32.lib ole32.lib oleaut32.lib uuid.lib odbc32.lib odbccp32.lib /MANIFEST /MANIFESTUAC:"level='asInvoker' uiAccess='false'" /manifest:embed /PDB:".\CompilerIdCXX.pdb" /SUBSYSTEM:CONSOLE /TLBID:1 /DYNAMICBASE /NXCOMPAT /IMPLIB:".\CompilerIdCXX.lib" /MACHINE:X64 Debug\CMakeCXXCompilerId.obj
  CompilerIdCXX.vcxproj -> G:\Programowanie\Riften\build\CMakeFiles\3.21.2\CompilerIdCXX\CompilerIdCXX.exe
PostBuildEvent:
  for %%i in (cl.exe) do @echo CMAKE_CXX_COMPILER=%%~$PATH:i
  :VCEnd
  CMAKE_CXX_COMPILER=C:\Program Files (x86)\Microsoft Visual Studio\2019\Community\VC\Tools\MSVC\14.29.30133\bin\Hostx64\x64\cl.exe
FinalizeBuildStatus:
  Usuwanie pliku "Debug\CompilerIdCXX.tlog\unsuccessfulbuild".
  Modyfikowanie "Debug\CompilerIdCXX.tlog\CompilerIdCXX.lastbuildstate".
Kompilowanie projektu "G:\Programowanie\Riften\build\CMakeFiles\3.21.2\CompilerIdCXX\CompilerIdCXX.vcxproj" wykonane (domyślne elementy docelowe).

Kompilacja powiodła się.
    Ostrzeżenia: 0
    Liczba błędów: 0

Czas, który upłynął: 00:00:00.95


Compilation of the CXX compiler identification source "CMakeCXXCompilerId.cpp" produced "CompilerIdCXX.exe"

Compilation of the CXX compiler identification source "CMakeCXXCompilerId.cpp" produced "CompilerIdCXX.vcxproj"

The CXX compiler identification is MSVC, found in "G:/Programowanie/Riften/build/CMakeFiles/3.21.2/CompilerIdCXX/CompilerIdCXX.exe"

Detecting CXX compiler ABI info compiled with the following output:
Change Dir: G:/Programowanie/Riften/build/CMakeFiles/CMakeTmp

Run Build Command(s):C:/Program Files (x86)/Microsoft Visual Studio/2019/Community/MSBuild/Current/Bin/MSBuild.exe cmTC_2788e.vcxproj /p:Configuration=Debug /p:Platform=x64 /p:VisualStudioVersion=16.0 /v:m && Microsoft (R) Build Engine 16.11.2+f32259642 dla platformy .NET Framework
Copyright (C) Microsoft Corporation. Wszelkie prawa zastrzeżone.

  Microsoft (R) C/C++ wersja kompilatora optymalizującego 19.29.30140 dla x64
  Copyright (C) Microsoft Corporation. Wszystkie prawa zastrzeżone.
  CMakeCXXCompilerABI.cpp
  cl /c /Zi /W1 /WX- /diagnostics:column /Od /Ob0 /D _MBCS /D WIN32 /D _WINDOWS /D "CMAKE_INTDIR=\"Debug\"" /Gm- /EHsc /RTC1 /MDd /GS /fp:precise /Zc:wchar_t /Zc:forScope /Zc:inline /Fo"cmTC_2788e.dir\Debug\\" /Fd"cmTC_2788e.dir\Debug\vc142.pdb" /external:W1 /Gd /TP /errorReport:queue "E:\Program Files\CMake\share\cmake-3.21\Modules\CMakeCXXCompilerABI.cpp"
  cmTC_2788e.vcxproj -> G:\Programowanie\Riften\build\CMakeFiles\CMakeTmp\Debug\cmTC_2788e.exe



